app/build/intermediates/manifest_merge_blame_file/debug/processDebugMainManifest/manifest-merger-blame-debug-report.txt
1<?xml version="1.0" encoding="utf-8"?>
2<manifest xmlns:android="http://schemas.android.com/apk/res/android"
3    package="com.servicios.app"
4    android:versionCode="1"
5    android:versionName="1.0" >
6
7    <uses-sdk
7-->INJECTED
8        android:minSdkVersion="26"
8-->INJECTED
9        android:targetSdkVersion="36" />
9-->INJECTED
10
11    <uses-permission android:name="android.permission.INTERNET" />
11-->src\main\AndroidManifest.xml:4:5-67
11-->src\main\AndroidManifest.xml:4:22-64
12    <!-- Include required permissions for Google Maps API to run. -->
13    <uses-permission android:name="android.permission.ACCESS_NETWORK_STATE" />
13-->[com.google.android.gms:play-services-maps:18.2.0] AndroidManifest.xml:23:5-79
13-->[com.google.android.gms:play-services-maps:18.2.0] AndroidManifest.xml:23:22-76
14
15    <uses-feature
15-->[com.google.android.gms:play-services-maps:18.2.0] AndroidManifest.xml:26:5-28:35
16        android:glEsVersion="0x00020000"
16-->[com.google.android.gms:play-services-maps:18.2.0] AndroidManifest.xml:27:9-41
17        android:required="true" />
17-->[com.google.android.gms:play-services-maps:18.2.0] AndroidManifest.xml:28:9-32
18
19    <queries>
19-->[com.google.android.gms:play-services-maps:18.2.0] AndroidManifest.xml:30:5-34:15
20
21        <!-- Needs to be explicitly declared on Android R+ -->
22        <package android:name="com.google.android.apps.maps" />
22-->[com.google.android.gms:play-services-maps:18.2.0] AndroidManifest.xml:33:9-64
22-->[com.google.android.gms:play-services-maps:18.2.0] AndroidManifest.xml:33:18-61
23    </queries>
24
25    <permission
25-->[androidx.core:core:1.13.1] AndroidManifest.xml:22:5-24:47
26        android:name="com.servicios.app.DYNAMIC_RECEIVER_NOT_EXPORTED_PERMISSION"
26-->[androidx.core:core:1.13.1] AndroidManifest.xml:23:9-81
27        android:protectionLevel="signature" />
27-->[androidx.core:core:1.13.1] AndroidManifest.xml:24:9-44
28
29    <uses-permission android:name="com.servicios.app.DYNAMIC_RECEIVER_NOT_EXPORTED_PERMISSION" />
29-->[androidx.core:core:1.13.1] AndroidManifest.xml:26:5-97
29-->[androidx.core:core:1.13.1] AndroidManifest.xml:26:22-94
30
31    <application
31-->src\main\AndroidManifest.xml:6:5-42:19
32        android:name="com.servicios.app.ServiciosApplication"
32-->src\main\AndroidManifest.xml:7:9-45
33        android:allowBackup="true"
33-->src\main\AndroidManifest.xml:8:9-35
34        android:appComponentFactory="androidx.core.app.CoreComponentFactory"
34-->[androidx.core:core:1.13.1] AndroidManifest.xml:28:18-86
35        android:debuggable="true"
36        android:extractNativeLibs="false"
36-->INJECTED
37        android:icon="@mipmap/ic_launcher"
37-->src\main\AndroidManifest.xml:11:9-43
38        android:label="ServiciosApp"
38-->src\main\AndroidManifest.xml:9:9-37
39        android:roundIcon="@mipmap/ic_launcher_round"
39-->src\main\AndroidManifest.xml:10:9-54
40        android:supportsRtl="true"
40-->src\main\AndroidManifest.xml:12:9-35
41        android:testOnly="true"
42        android:theme="@style/Theme.ServiciosApp" >
42-->src\main\AndroidManifest.xml:13:9-50
43        <activity
43-->src\main\AndroidManifest.xml:15:9-24:20
44            android:name="com.servicios.app.MainActivity"
44-->src\main\AndroidManifest.xml:16:13-41
45            android:exported="true"
45-->src\main\AndroidManifest.xml:17:13-36
46            android:windowSoftInputMode="adjustResize" >
46-->src\main\AndroidManifest.xml:18:13-55
47            <intent-filter>
47-->src\main\AndroidManifest.xml:20:13-23:29
48                <action android:name="android.intent.action.MAIN" />
48-->src\main\AndroidManifest.xml:21:17-69
48-->src\main\AndroidManifest.xml:21:25-66
49
50                <category android:name="android.intent.category.LAUNCHER" />
50-->src\main\AndroidManifest.xml:22:17-77
50-->src\main\AndroidManifest.xml:22:27-74
51            </intent-filter>
52        </activity>
53        <activity android:name="com.servicios.app.booking.ChatActivity" />
53-->src\main\AndroidManifest.xml:26:9-58
53-->src\main\AndroidManifest.xml:26:19-55
54        <activity android:name="com.servicios.app.booking.ConfirmServiceActivity" />
54-->src\main\AndroidManifest.xml:27:9-68
54-->src\main\AndroidManifest.xml:27:19-65
55        <activity android:name="com.servicios.app.booking.PagoSeguroActivity" />
55-->src\main\AndroidManifest.xml:28:9-64
55-->src\main\AndroidManifest.xml:28:19-61
56        <activity android:name="com.servicios.app.booking.ProProfileActivity" />
56-->src\main\AndroidManifest.xml:29:9-64
56-->src\main\AndroidManifest.xml:29:19-61
57        <activity android:name="com.servicios.app.booking.ServiceInProgressActivity" />
57-->src\main\AndroidManifest.xml:30:9-71
57-->src\main\AndroidManifest.xml:30:19-68
58        <activity android:name="com.servicios.app.home.ServiceListActivity" />
58-->src\main\AndroidManifest.xml:31:9-62
58-->src\main\AndroidManifest.xml:31:19-59
59        <activity android:name="com.servicios.app.messages.ChatDetailActivity" />
59-->src\main\AndroidManifest.xml:32:9-65
59-->src\main\AndroidManifest.xml:32:19-62
60        <activity android:name="com.servicios.app.payment.PaymentMethodsActivity" />
60-->src\main\AndroidManifest.xml:33:9-68
60-->src\main\AndroidManifest.xml:33:19-65
61        <activity android:name="com.servicios.app.posts.CreateServicePostActivity" />
61-->src\main\AndroidManifest.xml:34:9-69
61-->src\main\AndroidManifest.xml:34:19-66
62        <activity android:name="com.servicios.app.posts.PostDetailActivity" />
62-->src\main\AndroidManifest.xml:35:9-62
62-->src\main\AndroidManifest.xml:35:19-59
63        <activity android:name="com.servicios.app.pro.ProMainActivity" />
63-->src\main\AndroidManifest.xml:36:9-57
63-->src\main\AndroidManifest.xml:36:19-54
64        <activity android:name="com.servicios.app.pro.ValidationActivity" />
64-->src\main\AndroidManifest.xml:37:9-60
64-->src\main\AndroidManifest.xml:37:19-57
65        <activity android:name="com.servicios.app.profile.AddressesActivity" />
65-->src\main\AndroidManifest.xml:38:9-63
65-->src\main\AndroidManifest.xml:38:19-60
66        <activity android:name="com.servicios.app.rating.RatingActivity" />
66-->src\main\AndroidManifest.xml:39:9-59
66-->src\main\AndroidManifest.xml:39:19-56
67        <activity android:name="com.servicios.app.settings.ConfiguracionActivity" />
67-->src\main\AndroidManifest.xml:40:9-68
67-->src\main\AndroidManifest.xml:40:19-65
68
69        <!-- Needs to be explicitly declared on P+ -->
70        <uses-library
70-->[com.google.android.gms:play-services-maps:18.2.0] AndroidManifest.xml:39:9-41:40
71            android:name="org.apache.http.legacy"
71-->[com.google.android.gms:play-services-maps:18.2.0] AndroidManifest.xml:40:13-50
72            android:required="false" />
72-->[com.google.android.gms:play-services-maps:18.2.0] AndroidManifest.xml:41:13-37
73
74        <activity
74-->[com.google.android.gms:play-services-base:18.1.0] AndroidManifest.xml:20:9-22:45
75            android:name="com.google.android.gms.common.api.GoogleApiActivity"
75-->[com.google.android.gms:play-services-base:18.1.0] AndroidManifest.xml:20:19-85
76            android:exported="false"
76-->[com.google.android.gms:play-services-base:18.1.0] AndroidManifest.xml:22:19-43
77            android:theme="@android:style/Theme.Translucent.NoTitleBar" />
77-->[com.google.android.gms:play-services-base:18.1.0] AndroidManifest.xml:21:19-78
78
79        <meta-data
79-->[com.google.android.gms:play-services-basement:18.1.0] AndroidManifest.xml:21:9-23:69
80            android:name="com.google.android.gms.version"
80-->[com.google.android.gms:play-services-basement:18.1.0] AndroidManifest.xml:22:13-58
81            android:value="@integer/google_play_services_version" />
81-->[com.google.android.gms:play-services-basement:18.1.0] AndroidManifest.xml:23:13-66
82
83        <activity
83-->[androidx.compose.ui:ui-tooling-android:1.7.5] AndroidManifest.xml:23:9-25:39
84            android:name="androidx.compose.ui.tooling.PreviewActivity"
84-->[androidx.compose.ui:ui-tooling-android:1.7.5] AndroidManifest.xml:24:13-71
85            android:exported="true" />
85-->[androidx.compose.ui:ui-tooling-android:1.7.5] AndroidManifest.xml:25:13-36
86        <activity
86-->[androidx.compose.ui:ui-test-manifest:1.7.5] AndroidManifest.xml:23:9-25:39
87            android:name="androidx.activity.ComponentActivity"
87-->[androidx.compose.ui:ui-test-manifest:1.7.5] AndroidManifest.xml:24:13-63
88            android:exported="true" />
88-->[androidx.compose.ui:ui-test-manifest:1.7.5] AndroidManifest.xml:25:13-36
89
90        <provider
90-->[androidx.emoji2:emoji2:1.3.0] AndroidManifest.xml:24:9-32:20
91            android:name="androidx.startup.InitializationProvider"
91-->[androidx.emoji2:emoji2:1.3.0] AndroidManifest.xml:25:13-67
92            android:authorities="com.servicios.app.androidx-startup"
92-->[androidx.emoji2:emoji2:1.3.0] AndroidManifest.xml:26:13-68
93            android:exported="false" >
93-->[androidx.emoji2:emoji2:1.3.0] AndroidManifest.xml:27:13-37
94            <meta-data
94-->[androidx.emoji2:emoji2:1.3.0] AndroidManifest.xml:29:13-31:52
95                android:name="androidx.emoji2.text.EmojiCompatInitializer"
95-->[androidx.emoji2:emoji2:1.3.0] AndroidManifest.xml:30:17-75
96                android:value="androidx.startup" />
96-->[androidx.emoji2:emoji2:1.3.0] AndroidManifest.xml:31:17-49
97            <meta-data
97-->[androidx.lifecycle:lifecycle-process:2.8.6] AndroidManifest.xml:29:13-31:52
98                android:name="androidx.lifecycle.ProcessLifecycleInitializer"
98-->[androidx.lifecycle:lifecycle-process:2.8.6] AndroidManifest.xml:30:17-78
99                android:value="androidx.startup" />
99-->[androidx.lifecycle:lifecycle-process:2.8.6] AndroidManifest.xml:31:17-49
100            <meta-data
100-->[androidx.profileinstaller:profileinstaller:1.3.1] AndroidManifest.xml:29:13-31:52
101                android:name="androidx.profileinstaller.ProfileInstallerInitializer"
101-->[androidx.profileinstaller:profileinstaller:1.3.1] AndroidManifest.xml:30:17-85
102                android:value="androidx.startup" />
102-->[androidx.profileinstaller:profileinstaller:1.3.1] AndroidManifest.xml:31:17-49
103        </provider>
104
105        <uses-library
105-->[androidx.window:window:1.0.0] AndroidManifest.xml:25:9-27:40
106            android:name="androidx.window.extensions"
106-->[androidx.window:window:1.0.0] AndroidManifest.xml:26:13-54
107            android:required="false" />
107-->[androidx.window:window:1.0.0] AndroidManifest.xml:27:13-37
108        <uses-library
108-->[androidx.window:window:1.0.0] AndroidManifest.xml:28:9-30:40
109            android:name="androidx.window.sidecar"
109-->[androidx.window:window:1.0.0] AndroidManifest.xml:29:13-51
110            android:required="false" />
110-->[androidx.window:window:1.0.0] AndroidManifest.xml:30:13-37
111
112        <receiver
112-->[androidx.profileinstaller:profileinstaller:1.3.1] AndroidManifest.xml:34:9-52:20
113            android:name="androidx.profileinstaller.ProfileInstallReceiver"
113-->[androidx.profileinstaller:profileinstaller:1.3.1] AndroidManifest.xml:35:13-76
114            android:directBootAware="false"
114-->[androidx.profileinstaller:profileinstaller:1.3.1] AndroidManifest.xml:36:13-44
115            android:enabled="true"
115-->[androidx.profileinstaller:profileinstaller:1.3.1] AndroidManifest.xml:37:13-35
116            android:exported="true"
116-->[androidx.profileinstaller:profileinstaller:1.3.1] AndroidManifest.xml:38:13-36
117            android:permission="android.permission.DUMP" >
117-->[androidx.profileinstaller:profileinstaller:1.3.1] AndroidManifest.xml:39:13-57
118            <intent-filter>
118-->[androidx.profileinstaller:profileinstaller:1.3.1] AndroidManifest.xml:40:13-42:29
119                <action android:name="androidx.profileinstaller.action.INSTALL_PROFILE" />
119-->[androidx.profileinstaller:profileinstaller:1.3.1] AndroidManifest.xml:41:17-91
119-->[androidx.profileinstaller:profileinstaller:1.3.1] AndroidManifest.xml:41:25-88
120            </intent-filter>
121            <intent-filter>
121-->[androidx.profileinstaller:profileinstaller:1.3.1] AndroidManifest.xml:43:13-45:29
122                <action android:name="androidx.profileinstaller.action.SKIP_FILE" />
122-->[androidx.profileinstaller:profileinstaller:1.3.1] AndroidManifest.xml:44:17-85
122-->[androidx.profileinstaller:profileinstaller:1.3.1] AndroidManifest.xml:44:25-82
123            </intent-filter>
124            <intent-filter>
124-->[androidx.profileinstaller:profileinstaller:1.3.1] AndroidManifest.xml:46:13-48:29
125                <action android:name="androidx.profileinstaller.action.SAVE_PROFILE" />
125-->[androidx.profileinstaller:profileinstaller:1.3.1] AndroidManifest.xml:47:17-88
125-->[androidx.profileinstaller:profileinstaller:1.3.1] AndroidManifest.xml:47:25-85
126            </intent-filter>
127            <intent-filter>
127-->[androidx.profileinstaller:profileinstaller:1.3.1] AndroidManifest.xml:49:13-51:29
128                <action android:name="androidx.profileinstaller.action.BENCHMARK_OPERATION" />
128-->[androidx.profileinstaller:profileinstaller:1.3.1] AndroidManifest.xml:50:17-95
128-->[androidx.profileinstaller:profileinstaller:1.3.1] AndroidManifest.xml:50:25-92
129            </intent-filter>
130        </receiver>
131    </application>
132
133</manifest>